<?xml version="1.0" encoding="utf-8"?><testsuites name="pytest tests"><testsuite name="pytest" errors="0" failures="0" skipped="0" tests="4" time="11.033" timestamp="2026-09-14T18:55:03.765643+00:00" hostname="localhost"><testcase classname="tests.platform.test_browser" name="test_browser_trace_dataset_evaluation_review" time="3.441" /><testcase classname="tests.platform.test_browser" name="test_browser_registry_versions_jobs_settings_and_audit" time="3.621" /><testcase classname="tests.platform.test_browser" name="test_browser_mobile_navigation_and_screenshots" time="2.018" /><testcase classname="tests.platform.test_browser" name="test_browser_viewer_permissions_and_logout" time="1.918" /></testsuite></testsuites>