<?xml version='1.0' encoding='utf-8'?>
<testsuite name="enterprise-workflows" tests="9" failures="0" errors="0" skipped="0" time="0.000503"><properties><property name="pass_rate" value="1.000000" /><property name="total_tokens" value="0" /><property name="cost_usd" value="0.00000000" /><property name="flaky_rate" value="0.000000" /></properties><testcase name="payment-authorized[default][0]" classname="enterprise-workflows" time="0.000131" /><testcase name="payment-denied[default][0]" classname="enterprise-workflows" time="0.000066" /><testcase name="authorization-timeout[default][0]" classname="enterprise-workflows" time="0.000024" /><testcase name="it-access-approved[default][0]" classname="enterprise-workflows" time="0.000048" /><testcase name="it-access-denied[default][0]" classname="enterprise-workflows" time="0.000025" /><testcase name="inventory-reserve[default][0]" classname="enterprise-workflows" time="0.000046" /><testcase name="inventory-empty[default][0]" classname="enterprise-workflows" time="0.000025" /><testcase name="inventory-transient-error[default][0]" classname="enterprise-workflows" time="0.000050" /><testcase name="research-review-publish[default][0]" classname="enterprise-workflows" time="0.000088" /></testsuite>