<?xml version="1.0" encoding="utf-8"?><testsuites name="pytest tests"><testsuite name="pytest" errors="0" failures="0" skipped="1" tests="163" time="26.687" timestamp="2026-09-14T18:54:33.678484+00:00" hostname="localhost"><testcase classname="tests.platform.test_access_and_versions" name="test_health_and_cookie_csrf" time="0.189" /><testcase classname="tests.platform.test_access_and_versions" name="test_tenant_boundary_every_resource" time="0.103" /><testcase classname="tests.platform.test_access_and_versions" name="test_rbac_scope_revocation_and_owner_protection" time="0.089" /><testcase classname="tests.platform.test_access_and_versions" name="test_service_account_restricted_permissions" time="0.083" /><testcase classname="tests.platform.test_access_and_versions" name="test_token_expiry_and_rotation" time="0.069" /><testcase classname="tests.platform.test_access_and_versions" name="test_immutable_versions_cas_and_promotion" time="0.088" /><testcase classname="tests.platform.test_access_and_versions" name="test_dataset_schema_rejects_invalid_cases[data0]" time="0.071" /><testcase classname="tests.platform.test_access_and_versions" name="test_dataset_schema_rejects_invalid_cases[data1]" time="0.066" /><testcase classname="tests.platform.test_access_and_versions" name="test_dataset_schema_rejects_invalid_cases[data2]" time="0.280" /><testcase classname="tests.platform.test_access_and_versions" name="test_dataset_schema_rejects_invalid_cases[data3]" time="0.068" /><testcase classname="tests.platform.test_hardening" name="test_malformed_otlp_is_not_server_error[payload0]" time="0.064" /><testcase classname="tests.platform.test_hardening" name="test_malformed_otlp_is_not_server_error[None]" time="0.069" /><testcase classname="tests.platform.test_hardening" name="test_malformed_otlp_is_not_server_error[1]" time="0.073" /><testcase classname="tests.platform.test_hardening" name="test_malformed_otlp_is_not_server_error[payload3]" time="0.063" /><testcase classname="tests.platform.test_hardening" name="test_malformed_otlp_is_not_server_error[payload4]" time="0.072" /><testcase classname="tests.platform.test_hardening" name="test_malformed_otlp_is_not_server_error[payload5]" time="0.072" /><testcase classname="tests.platform.test_hardening" name="test_malformed_scim_is_not_server_error[payload0]" time="0.067" /><testcase classname="tests.platform.test_hardening" name="test_malformed_scim_is_not_server_error[None]" time="0.065" /><testcase classname="tests.platform.test_hardening" name="test_malformed_scim_is_not_server_error[1]" time="0.061" /><testcase classname="tests.platform.test_hardening" name="test_malformed_scim_is_not_server_error[payload3]" time="0.066" /><testcase classname="tests.platform.test_hardening" name="test_malformed_scim_is_not_server_error[payload4]" time="0.066" /><testcase classname="tests.platform.test_hardening" name="test_invalid_usage_tokens_rejected[True]" time="0.000" /><testcase classname="tests.platform.test_hardening" name="test_invalid_usage_tokens_rejected[-1]" time="0.000" /><testcase classname="tests.platform.test_hardening" name="test_invalid_usage_tokens_rejected[inf]" time="0.000" /><testcase classname="tests.platform.test_hardening" name="test_invalid_usage_tokens_rejected[nan]" time="0.000" /><testcase classname="tests.platform.test_hardening" name="test_invalid_usage_tokens_rejected[0.5]" time="0.000" /><testcase classname="tests.platform.test_hardening" name="test_unknown_usage_is_not_free" time="0.000" /><testcase classname="tests.platform.test_hardening" name="test_provider_concurrency_cancellation_and_explicit_retries" time="0.081" /><testcase classname="tests.platform.test_hardening" name="test_python_client_rejects_foreign_origins" time="0.032" /><testcase classname="tests.platform.test_hardening" name="test_full_production_to_dataset_to_replay_regression" time="0.334" /><testcase classname="tests.platform.test_hardening" name="test_trace_cassette_preserves_call_order_not_completion_order" time="0.000" /><testcase classname="tests.platform.test_hardening" name="test_scenario_without_assertions_is_incomplete_not_pass" time="0.001" /><testcase classname="tests.platform.test_hardening" name="test_pinned_prompt_rendering_rejects_expressions" time="0.085" /><testcase classname="tests.platform.test_hardening" name="test_enterprise_workflow_examples" time="0.004" /><testcase classname="tests.platform.test_hardening" name="test_mounted_secrets_are_explicit_and_fail_closed" time="0.002" /><testcase classname="tests.platform.test_hardening" name="test_invalid_online_sampling_input_is_client_error[True]" time="0.329" /><testcase classname="tests.platform.test_hardening" name="test_invalid_online_sampling_input_is_client_error[1]" time="0.067" /><testcase classname="tests.platform.test_hardening" name="test_invalid_online_sampling_input_is_client_error[None]" time="0.061" /><testcase classname="tests.platform.test_hardening" name="test_invalid_online_sampling_input_is_client_error[sample3]" time="0.066" /><testcase classname="tests.platform.test_hardening" name="test_invalid_online_sampling_input_is_client_error[sample4]" time="0.067" /><testcase classname="tests.platform.test_hardening" name="test_injected_outputs_cannot_mutate_recorded_evidence" time="0.001" /><testcase classname="tests.platform.test_hardening" name="test_production_telemetry_snapshots_mutable_arguments_and_results" time="0.000" /><testcase classname="tests.platform.test_hardening" name="test_new_local_database_directory_is_private" time="0.018" /><testcase classname="tests.platform.test_jobs_and_runner" name="test_job_idempotency_labels_priority_and_foreign_lease" time="0.089" /><testcase classname="tests.platform.test_jobs_and_runner" name="test_simultaneous_claims_are_unique" time="0.255" /><testcase classname="tests.platform.test_jobs_and_runner" name="test_stale_lease_fenced_and_cancellation" time="0.090" /><testcase classname="tests.platform.test_jobs_and_runner" name="test_actual_suite_child_and_completion_idempotence" time="1.735" /><testcase classname="tests.platform.test_jobs_and_runner" name="test_budget_rejects_overreservation" time="0.082" /><testcase classname="tests.platform.test_jobs_and_runner" name="test_online_evaluation_for_write_only_ingester" time="0.114" /><testcase classname="tests.platform.test_jobs_and_runner" name="test_allowlist_and_docker_policy_are_fail_closed" time="0.002" /><testcase classname="tests.platform.test_jobs_and_runner" name="test_real_subprocess_limits[timeout]" time="0.205" /><testcase classname="tests.platform.test_jobs_and_runner" name="test_real_subprocess_limits[cancel]" time="0.002" /><testcase classname="tests.platform.test_jobs_and_runner" name="test_real_subprocess_limits[output]" time="0.205" /><testcase classname="tests.platform.test_jobs_and_runner" name="test_matching_job_after_large_nonmatching_backlog_is_claimable" time="0.849" /><testcase classname="tests.platform.test_operations" name="test_secrets_and_artifacts_encrypted_and_bound" time="0.079" /><testcase classname="tests.platform.test_operations" name="test_signed_audit_checkpoint_and_tamper_detection" time="0.076" /><testcase classname="tests.platform.test_operations" name="test_retention_holds_and_shared_artifact_references" time="0.393" /><testcase classname="tests.platform.test_operations" name="test_monitor_dedup_acknowledge_and_resolution" time="0.099" /><testcase classname="tests.platform.test_operations" name="test_cache_expiry_and_draft_billing_idempotence" time="0.089" /><testcase classname="tests.platform.test_operations" name="test_encrypted_backup_restore_end_to_end" time="0.142" /><testcase classname="tests.platform.test_operations" name="test_evaluation_monitor_uses_pinned_results_not_producer_status" time="0.096" /><testcase classname="tests.platform.test_operations" name="test_monitor_minimum_counts_scored_runs_not_unscored_runs" time="0.092" /><testcase classname="tests.platform.test_operations" name="test_ci_status_unknown_never_green" time="0.000" /><testcase classname="tests.platform.test_operations" name="test_uploaded_report_triggers_one_level_of_completion_automation" time="1.692" /><testcase classname="tests.platform.test_otlp" name="test_otlp_json_incremental_merge_and_export" time="0.095" /><testcase classname="tests.platform.test_otlp" name="test_otlp_protobuf_http_and_real_grpc" time="0.096" /><testcase classname="tests.platform.test_otlp" name="test_invalid_spans_rejected[change0]" time="0.064" /><testcase classname="tests.platform.test_otlp" name="test_invalid_spans_rejected[change1]" time="0.076" /><testcase classname="tests.platform.test_otlp" name="test_invalid_spans_rejected[change2]" time="0.071" /><testcase classname="tests.platform.test_otlp" name="test_invalid_spans_rejected[change3]" time="0.065" /><testcase classname="tests.platform.test_otlp" name="test_invalid_spans_rejected[change4]" time="0.071" /><testcase classname="tests.platform.test_otlp" name="test_invalid_spans_rejected[change5]" time="0.435" /><testcase classname="tests.platform.test_otlp" name="test_invalid_spans_rejected[change6]" time="0.069" /><testcase classname="tests.platform.test_otlp" name="test_parent_cycle_rejected" time="0.074" /><testcase classname="tests.platform.test_real_clients" name="test_production_sdk_to_real_server_and_customer_runner" time="1.917" /><testcase classname="tests.platform.test_real_clients" name="test_custom_python_evaluator_runs_only_on_opted_in_runner" time="0.913" /><testcase classname="tests.platform.test_real_clients" name="test_manifest_and_checksum_pack_against_real_api" time="0.316" /><testcase classname="tests.platform.test_real_clients" name="test_typescript_client_to_real_python_server" time="0.411" /><testcase classname="tests.platform.test_remote_and_identity" name="test_real_http_evaluator_protocols[http-/eval-extra0]" time="0.588" /><testcase classname="tests.platform.test_remote_and_identity" name="test_real_http_evaluator_protocols[llm_judge-/judge-extra1]" time="0.614" /><testcase classname="tests.platform.test_remote_and_identity" name="test_real_http_evaluator_protocols[embedding_similarity-/embedding-extra2]" time="0.594" /><testcase classname="tests.platform.test_remote_and_identity" name="test_bad_remote_evaluator_and_network_fail_closed" time="0.643" /><testcase classname="tests.platform.test_remote_and_identity" name="test_dns_rebinding_validation_before_connect" time="0.066" /><testcase classname="tests.platform.test_remote_and_identity" name="test_webhook_signature_retry_and_dead_letter" time="0.630" /><testcase classname="tests.platform.test_remote_and_identity" name="test_provider_connector_payload_contracts[slack-text]" time="0.000" /><testcase classname="tests.platform.test_remote_and_identity" name="test_provider_connector_payload_contracts[teams-summary]" time="0.000" /><testcase classname="tests.platform.test_remote_and_identity" name="test_provider_connector_payload_contracts[pagerduty-routing_key]" time="0.000" /><testcase classname="tests.platform.test_remote_and_identity" name="test_provider_connector_payload_contracts[github_status-state]" time="0.000" /><testcase classname="tests.platform.test_remote_and_identity" name="test_provider_connector_payload_contracts[github_issue-body]" time="0.000" /><testcase classname="tests.platform.test_remote_and_identity" name="test_provider_connector_payload_contracts[gitlab_issue-description]" time="0.000" /><testcase classname="tests.platform.test_remote_and_identity" name="test_provider_connector_payload_contracts[jira-fields]" time="0.000" /><testcase classname="tests.platform.test_remote_and_identity" name="test_provider_connector_payload_contracts[linear-query]" time="0.000" /><testcase classname="tests.platform.test_remote_and_identity" name="test_provider_connector_payload_contracts[servicenow-short_description]" time="0.000" /><testcase classname="tests.platform.test_remote_and_identity" name="test_oidc_pkce_signature_nonce_session_and_scim_deactivation" time="0.651" /><testcase classname="tests.platform.test_remote_and_identity" name="test_oidc_invalid_identity_rejected[claims0]" time="0.917" /><testcase classname="tests.platform.test_remote_and_identity" name="test_oidc_invalid_identity_rejected[claims1]" time="0.627" /><testcase classname="tests.platform.test_remote_and_identity" name="test_oidc_invalid_identity_rejected[claims2]" time="0.610" /><testcase classname="tests.platform.test_remote_and_identity" name="test_oidc_invalid_identity_rejected[claims3]" time="0.627" /><testcase classname="tests.platform.test_remote_and_identity" name="test_oidc_invalid_identity_rejected[claims4]" time="0.611" /><testcase classname="tests.platform.test_remote_and_identity" name="test_oidc_invalid_identity_rejected[claims5]" time="0.630" /><testcase classname="tests.platform.test_remote_and_identity" name="test_oidc_state_bound_to_browser" time="0.646" /><testcase classname="tests.platform.test_remote_and_identity" name="test_scim_filters_and_tenant_isolation" time="0.080" /><testcase classname="tests.platform.test_tracing_evaluation" name="test_trace_idempotence_redaction_and_tamper_conflict" time="0.098" /><testcase classname="tests.platform.test_tracing_evaluation" name="test_trace_to_dataset_then_isolated_repeated_simulation" time="0.122" /><testcase classname="tests.platform.test_tracing_evaluation" name="test_missing_result_never_becomes_replay_ready" time="0.088" /><testcase classname="tests.platform.test_tracing_evaluation" name="test_evaluator_semantics[spec0-pass]" time="0.001" /><testcase classname="tests.platform.test_tracing_evaluation" name="test_evaluator_semantics[spec1-fail]" time="0.000" /><testcase classname="tests.platform.test_tracing_evaluation" name="test_evaluator_semantics[spec2-pass]" time="0.000" /><testcase classname="tests.platform.test_tracing_evaluation" name="test_evaluator_semantics[spec3-fail]" time="0.000" /><testcase classname="tests.platform.test_tracing_evaluation" name="test_evaluator_semantics[spec4-pass]" time="0.000" /><testcase classname="tests.platform.test_tracing_evaluation" name="test_evaluator_semantics[spec5-fail]" time="0.000" /><testcase classname="tests.platform.test_tracing_evaluation" name="test_evaluator_semantics[spec6-incomplete]" time="0.000" /><testcase classname="tests.platform.test_tracing_evaluation" name="test_evaluator_semantics[spec7-pass]" time="0.000" /><testcase classname="tests.platform.test_tracing_evaluation" name="test_evaluator_semantics[spec8-incomplete]" time="0.000" /><testcase classname="tests.platform.test_tracing_evaluation" name="test_evaluator_semantics[spec9-pass]" time="0.000" /><testcase classname="tests.platform.test_tracing_evaluation" name="test_evaluator_semantics[spec10-pass]" time="0.001" /><testcase classname="tests.platform.test_tracing_evaluation" name="test_evaluator_semantics[spec11-pass]" time="0.000" /><testcase classname="tests.platform.test_tracing_evaluation" name="test_evaluator_semantics[spec12-fail]" time="0.000" /><testcase classname="tests.platform.test_tracing_evaluation" name="test_evaluator_semantics[spec13-fail]" time="0.000" /><testcase classname="tests.platform.test_tracing_evaluation" name="test_evaluator_semantics[spec14-incomplete]" time="0.000" /><testcase classname="tests.platform.test_tracing_evaluation" name="test_evaluator_semantics[spec15-incomplete]" time="0.000" /><testcase classname="tests.platform.test_tracing_evaluation" name="test_unknown_measurement_and_snapshot_fail_closed" time="0.000" /><testcase classname="tests.platform.test_tracing_evaluation" name="test_pinned_evaluation_persisted_and_review" time="0.098" /><testcase classname="tests.platform.test_tracing_evaluation" name="test_behavior_calibration_and_diff" time="0.000" /><testcase classname="tests.platform.test_tracing_evaluation" name="test_privacy_suppression_and_quota" time="0.085" /><testcase classname="tests.platform.test_tracing_evaluation" name="test_malformed_trace_rejected[{]" time="0.070" /><testcase classname="tests.platform.test_tracing_evaluation" name="test_malformed_trace_rejected[[]]" time="0.066" /><testcase classname="tests.platform.test_tracing_evaluation" name="test_malformed_trace_rejected[null]" time="0.074" /><testcase classname="tests.platform.test_tracing_evaluation" name="test_malformed_trace_rejected[&quot;text&quot;]" time="0.104" /><testcase classname="tests.platform.test_tracing_evaluation" name="test_malformed_trace_rejected[{&quot;usage&quot;:{&quot;cost_usd&quot;:-1}}]" time="0.483" /><testcase classname="tests.platform.test_tracing_evaluation" name="test_gzip_valid_and_bomb_size_limit" time="0.120" /><testcase classname="tests.test_adapt" name="test_auto_adapter_for_framework_like_objects" time="0.001" /><testcase classname="tests.test_advanced" name="test_parameterized_dataset_budgets_metrics_and_flakiness" time="0.001" /><testcase classname="tests.test_advanced" name="test_budget_failure_is_behavior_failure" time="0.001" /><testcase classname="tests.test_advanced" name="test_cassette_records_real_calls_and_replays_as_world" time="0.002" /><testcase classname="tests.test_advanced" name="test_fault_counterexample_shrinking_removes_irrelevant_fault" time="0.002" /><testcase classname="tests.test_advanced" name="test_experiment_and_report_diff_compare_variants" time="0.001" /><testcase classname="tests.test_advanced" name="test_flakiness_detects_repetition_behavior_changes" time="0.002" /><testcase classname="tests.test_advanced" name="test_fault_modes_delay_return_and_timeout" time="0.003" /><testcase classname="tests.test_agent_harnesses_e2e" name="test_command_agent_end_to_end" time="0.737" /><testcase classname="tests.test_agent_harnesses_e2e" name="test_http_agent_end_to_end" time="0.519" /><testcase classname="tests.test_core" name="test_world_and_behavior_assertions" time="0.002" /><testcase classname="tests.test_core" name="test_fault_injection_becomes_error" time="0.001" /><testcase classname="tests.test_core" name="test_passthrough_is_fail_closed" time="0.001" /><testcase classname="tests.test_core" name="test_function_tool_auto_schema_and_context" time="0.002" /><testcase classname="tests.test_integrations_extended" name="test_framework_auto_adapters[crewai.agent-run-crewai]" time="0.001" /><testcase classname="tests.test_integrations_extended" name="test_framework_auto_adapters[autogen_agentchat.agents-run-autogen]" time="0.001" /><testcase classname="tests.test_integrations_extended" name="test_framework_auto_adapters[llama_index.core.agent-run-llamaindex]" time="0.001" /><testcase classname="tests.test_integrations_extended" name="test_framework_auto_adapters[smolagents.agents-run-smolagents]" time="0.001" /><testcase classname="tests.test_integrations_extended" name="test_framework_auto_adapters[strands.agent-run-strands]" time="0.001" /><testcase classname="tests.test_integrations_extended" name="test_framework_auto_adapters[google.adk.runners-run-google-adk]" time="0.001" /><testcase classname="tests.test_integrations_extended" name="test_anthropic_tool_loop_routes_tool_calls_to_world" time="0.001" /><testcase classname="tests.test_integrations_extended" name="test_mcp_manifest_preserves_exact_schemas" time="0.001" /><testcase classname="tests.test_integrations_extended" name="test_mcp_v2_low_level_server_contract" time="0.001" /><testcase classname="tests.test_integrations_extended" name="test_framework_neutral_proxy_callable_has_schema_signature_and_routes" time="0.001" /><testcase classname="tests.test_integrations_extended" name="test_openai_adapter_rebinds_tools_fail_closed" time="0.001" /><testcase classname="tests.test_optional_native" name="test_selected_optional_framework_contract" time="0.000"><skipped type="pytest.skip" message="optional framework matrix only">/mnt/data/ordeal-enterprise/tests/test_optional_native.py:40: optional framework matrix only</skipped></testcase><testcase classname="tests.test_regression" name="test_regression_detects_pass_to_fail" time="0.001" /><testcase classname="tests.test_schema" name="test_tool_input_schema_is_enforced" time="0.001" /><testcase classname="tests.test_sdk_schema_safety" name="test_future_annotations_produce_real_argument_schemas" time="0.001" /><testcase classname="tests.test_sdk_schema_safety" name="test_string_passthrough_mode_does_not_bypass_safety" time="0.001" /><testcase classname="tests.test_sdk_schema_safety" name="test_duplicate_tools_and_bad_faults_rejected" time="0.001" /><testcase classname="tests.test_sdk_schema_safety" name="test_variadic_function_requires_explicit_schema" time="0.001" /></testsuite></testsuites>